b942ab6e7781b860ec248f64d322822f9b3600b6 papaya/ant/bpack/bpack.go
5aab502336217da7eadf5b9310fc840a02ae7167 papaya/ant/bpack/config.go
b18f4e357075b05155d1e868a08f932e22a51f48 papaya/ant/bpack/data.go
b256076fe9f45d7bfa36302be4c1c8b806f5c70b papaya/ant/bpack/expose.go
e368b1ba19fab10bbcc9a9271ee68e06e41546af papaya/ant/bpack/manage.go
2e688274c4d18f3649f3bc1175d2f2425b1d175f papaya/ant/bpack/typed.go
6ddb3f15a3b286b034e728f2f5bdbf0dcd7055e0 papaya/ant/bpack/util.go
d19371c2e4f13e5a4725c788c106df91e719dc56 papaya/bunny/bunny.go
77656bc33e243b78245a3160f874406b8523695f papaya/bunny/swag/compose.go
b33c7dcfe375d0d6612e6291c3e55b80d0420ffb papaya/bunny/swag/content.go
733edf5ab2e174f115fba806b52d7399b870500a papaya/bunny/swag/context.go
fc7aaa801d2a37e8d61348f724d7f12565222fce papaya/bunny/swag/expect.go
92672e8bc5642ab2e3e215ad7629d44d3322f10d papaya/bunny/swag/group.go
d465e0bcb151700a8f45e8e5ee0ce0e06973e2c3 papaya/bunny/swag/headers.go
a7816d5c16485edb2f5ee76fa1a9a6ae5ff5ede0 papaya/bunny/swag/info.go
612ea941e3b917a6b222a060ec3fd33c42a859fd papaya/bunny/swag/method/http1.go
830816aaad9e18ab6959a81d51afe76b4c43fc1b papaya/bunny/swag/params.go
ed652b5c737c6344a5dff9c40a352bd7d3ab0660 papaya/bunny/swag/renderer.go
547a24c2d2dfa0a5a52edcbb9ccbe9f86bf562c7 papaya/bunny/swag/required.go
2aeb7124b5623755de0efb8a46c91f72c0f5bc8e papaya/bunny/swag/responses.go
694d31dc875b4745f7cecd12641ead9e5abc8da0 papaya/bunny/swag/router.go
50bffb9fa81b2558f54631172fd3e3bbf80d2893 papaya/bunny/swag/swagger.go
e3f336b347cd9a54bcc2e0ccff1cc62d79360eb4 papaya/bunny/swag/tasks.go
2758e1f8cf42a16f039d5842f40b82bd96a68b78 papaya/bunny/swag/typed.go
4d774650fdf2743635cc780b8576bb14ebe984f1 papaya/bunny/swag/universal.go
bfdd1890e733fb80b9d0bab47be853318cadf595 papaya/bunny/swag/util.go
98779370cf445e24db62caf3d838b5355f45a37d papaya/bunny/swag/validator.go
b104b212b829fa04a698074dd9ce0a967a1c8647 papaya/bunny/swag/validator_compare_sample_key_helper.go
d17f50e63fc74af0ae0565b0e996de239c9e51de papaya/bunny/swag/vars.go
e561f6f2fa185b04ef6cd8840deed990bf2095dc papaya/koala/collection/action.go
ba3c05482cdaa7ea75343ed89cc11351cb8a139b papaya/koala/collection/array.go
f91f0d6d3c36ec54327333ffeb51e28f4381ccc2 papaya/koala/collection/compare.go
1e334a6a034050c7e37a690cdfc6e36f5801971f papaya/koala/collection/enum.go
dc3ba41f8305c81c6d0f221853cc8cc4cfe37434 papaya/koala/collection/layering.go
c2a7b61d235640fc4eceed8c00eaed94916cdd77 papaya/koala/collection/mapping.go
f0afed163ac0cf0305da8a738b9cf373d5d2f528 papaya/koala/collection/middling.go
27633c41c177512041ee6dcafaff2d4ac468c22a papaya/koala/collection/node.go
a7b475499d8f1ca28fb495b0f152410a755640e0 papaya/koala/collection/typed.go
beca288110e8516c883c0963a24a7bd21df2c580 papaya/koala/collection/util.go
a495c170f5909f4b37a4dbb4bbf6bf98f54151b5 papaya/koala/collection/value.go
f4656aec833a1e6ee609f6499bd5a552963701ba papaya/koala/console.go
ff0a3dd11c183849ceb65f58fc621b822c268fd0 papaya/koala/console1.go
cfc5581c3da6e1207e9573e2bd7c58c8dd78949e papaya/koala/datetime.go
fa33d018a66477840878855f9dd91099a85b4bbf papaya/koala/environ/loader.go
ba96d354c5a534fda0a0c558b4411dccc87f2acf papaya/koala/gen/iter.go
d06ee7f4cc645373c3134323def83b9d2dd65c5e papaya/koala/gen/mapping.go
be4f1851be5af499087464faba5ce9194e077507 papaya/koala/gen/page.go
e28270773177b611f5ba4ebb3f6692aa7df76a3f papaya/koala/gen/util.go
3f34008d3567f946cecc19044a850a764b35c5b1 papaya/koala/kio/kio_file_wrapper.go
6b6674c8ab904bdf251dccb0206181071e81a68a papaya/koala/kio/leaf/buffer.go
6e8452c372545b1649757c127615794cc5690b00 papaya/koala/kornet/client.go
dd841baa089b8111f17148d5a73953790bbdd846 papaya/koala/kornet/extra.go
11a7a5df0504ca082fe70135024e45752abc76b3 papaya/koala/kornet/message.go
dd5315e48ff164cdcaa46e61808f4f9855be1315 papaya/koala/kornet/method.go
0763d8c7aaed016ecb30c7ed816644fdf510ec7d papaya/koala/kornet/result.go
e58f7eee885f7a7b5a9ddbde6548e483aa067ddc papaya/koala/kornet/typed.go
5a9368c89e9247b56293fdc1760f94b4bc0ddcda papaya/koala/kornet/util.go
684ac574f649b874e617c05c38463daaaff37be3 papaya/koala/kornet/vars.go
49dfaaf528c59fbbc86070c70e974cf1d3e39dab papaya/koala/kornet/view.go
7fedaed95f50cb4538d4e3c628f5421887e37a75 papaya/koala/mapping/action.go
ea480a62b4f910693cbd707aa0ed21a60daa76aa papaya/koala/mapping/branch.go
9d0e3ff3c0f1c7faba8f30daf24661972383d6a5 papaya/koala/mapping/encoding.go
f95db3bb153d48418acc89a904e133585cde45f2 papaya/koala/mapping/future.go
e79e730195329e075dc7c88d77ff119b4090ef4c papaya/koala/mapping/kmap.go
a33b76e675bbd55e410a004071001da113ff8871 papaya/koala/mapping/typed.go
a2a28e655324c4743bbb808cafc9cbb37dffe061 papaya/koala/mapping/util.go
0c1c23b579b84993fc5ffeaad12505c25994fd62 papaya/koala/mapping/value.go
9b5a1b42510e5e42a0448164e625a8a309c08de6 papaya/koala/os/runtime/machine.go
faf8494be877a47369a722f88e150a0d05faafb3 papaya/koala/os/runtime/platform.go
5399aaedca5ac4410f4e0138364ea97cdcb4e1af papaya/koala/pp/indirect.go
f6e85a0f6cd0893354218a1432ad34dea6a704d6 papaya/koala/pp/inline.go
6ae8e6c85d0706d48eb9a4eeb58315610804cbe0 papaya/koala/pp/noop.go
e16698848f8bf55c472938692aa6ca3ec2e8a25f papaya/koala/pp/operator.go
9fe0cb3cbf791d14d5ffb3d06b7737ad9472d2cf papaya/koala/pp/ref.go
111baf74d5b0577aa7a516bc1b9ffcbed93a3cf7 papaya/koala/pp/void.go
62497053adfaf6b80af0482492a06dba73e7c868 papaya/koala/strfmt.go
b6e83929c90148da0b5a4630af06645b22c1c328 papaya/koala/tools/posix/path.go
c2fd466aac5b298dc8ff7a47f5d861b09abebe71 papaya/koala/version.go
e0d7d7f5762ff5b8dbfc326a94a57589428b13f8 papaya/koala/vmo/compiler.go
259cdf8d65bae562758bc914012e195e7612ac8b papaya/koala/vmo/emu/ast.go
259cdf8d65bae562758bc914012e195e7612ac8b papaya/koala/vmo/emu/eval.go
e0d7d7f5762ff5b8dbfc326a94a57589428b13f8 papaya/koala/vmo/loader.go
259bbb76371b8c04dac8eba30011b146a4e0c2c9 papaya/net.go
9a7ab982e07d774baf26338ea09af889b445637a papaya/panda/nosign/panda.go
b20d072af58a24d8104069fd83c01390400deb88 papaya/panda/nosign/view.go
44cba20cb711adb2e3db9caf3b49529b5bd8ebd3 papaya/panda/panda.go
ee08e3fb46fdc4eef10df6108cf7b3460564393e papaya/panda/vector.go
563629a7c9caf178c5e008f73227116d29b97def papaya/pigeon/cors/consumer.go
3294f9461cafb6176d3f2d7d7794d72e1d1c23af papaya/pigeon/cors/helper.go
f3cd892c940d26430bf358b457d42452dc87b76d papaya/pigeon/cors/manage.go
ab694e0233687d7a3e748fab5b6f30c31eada20e papaya/pigeon/cors/middleware.go
9c3d3352169ee68519e3c80f2e3ddd5cef449904 papaya/pigeon/cors/util.go
69ac34f72ca8f7a89fd8682900b3e094e5a2b93c papaya/pigeon/cors/vars.go
43cb488a43680661ef676543cf0001f31bbf1cb5 papaya/pigeon/drivers/common/conn.go
4c96d84508406b753426cd8fe914353910a3d219 papaya/pigeon/drivers/mysql/conn.go
63fb711b57562ebfd74e8fd34a6a5ecc899f7659 papaya/pigeon/drivers/postgresql/conn.go
7cbb9e64da750b8c8bd80e25d23d16a2bc1646fd papaya/pigeon/drivers/postgresql/util.go
80e0bfe0c68cedc2e7a4e57a4ff1ef67fc3d1610 papaya/pigeon/drivers/sqlite/conn.go
587893c53a38bbfb03782e2881f5d506e8c72df8 papaya/pigeon/easy/model.go
743b1db05812d141bb30e4086774ccf4b3bcb535 papaya/pigeon/easy/repository.go
bcae203889d0be33432bc9bb2dda04063c6b4e73 papaya/pigeon/easy/util.go
e5df8f2c92cf8ea97b2cd1cb78546f0743db91b5 papaya/pigeon/templates/basicAuth/controllers/action.go
1680f5ada3d30ac5d98acc48a6ee3d18404ecbb9 papaya/pigeon/templates/basicAuth/models/sessions.go
dea817cc3be8d6d065fbff29dd59218f2c1b6f4d papaya/pigeon/templates/basicAuth/models/users.go
53531be79b808d014cf5c9a59684077203c830cb papaya/pigeon/templates/basicAuth/repository/sessions.go
69e2762d757a483eafb810f9589c114dceb056fb papaya/pigeon/templates/basicAuth/repository/users.go
c104da38a786a7540ec26b81e1eee123853da58f papaya/pigeon/templates/basicAuth/util/email.go
d5e1e81421ebc9e05845ecc43909231a669ec2c8 papaya/pigeon/templates/basicAuth/util/extra.go
fd322061d56c2ddebc5f86c69147a09ce98f9d94 papaya/pigeon/templates/basicAuth/util/password.go
56c0232c6d8f4689977bf9fe73a2d275579769f6 papaya/pigeon/vars.go
2c779d9f1cd19283f54049340274c3f9cd4c13f4 papaya/util/banner.go
cd7781e26ed141abf26776dcb5e36f718fc19dcd papaya/util/vars.go
