cc81da7403dfe5931783983e8a0ad37e papaya/bunny/bunny.go
adc2841b108f25407d75e931bc0df27f papaya/bunny/swag/binaries/assets.go
9d837ff4d87a2f80d3eb8cfb69f913d3 papaya/bunny/swag/compose.go
d13844e6f686d045f0f1be87a8f17938 papaya/bunny/swag/content.go
d50ac20afacb2e711b13c5a81c4a1c4f papaya/bunny/swag/context.go
7e9d3abd5834c8465a834bec106bbbce papaya/bunny/swag/expect.go
b96e7f310d582c8ea89723129fac4acc papaya/bunny/swag/group.go
dac1e47f70b7e4df5f15e1cc61cbed53 papaya/bunny/swag/headers.go
43004c50acd4ba715649c6f470ba8e15 papaya/bunny/swag/info.go
245bf0fc780175df1133295b05708b46 papaya/bunny/swag/method/http1.go
3511e2ecb45ce273376b58c1b97cd38a papaya/bunny/swag/params.go
b3fb8caee41825e30ad2a9ba914beec5 papaya/bunny/swag/renderer.go
1020ccccdd7d4b0bd3322cad61a4de03 papaya/bunny/swag/responses.go
538255e1309499463fa7e43a89a49e5f papaya/bunny/swag/router.go
a93421c6c7d9d448df1fa5b663ea6ba2 papaya/bunny/swag/swagger.go
93816f346fe42900ae5011af0f9d9702 papaya/bunny/swag/tasks.go
f870439174afa4f992b9e3d111f2734f papaya/bunny/swag/typed.go
53e97757618e3ded312c2d88d86740b5 papaya/bunny/swag/universal.go
9125c8a916109d75bb47f149def1958c papaya/bunny/swag/util.go
88e122a4d0868a314aff367686641e0b papaya/bunny/swag/validator.go
531d79c60e1d347dbfbf5afc50d63120 papaya/koala/collection/action.go
849c2ec39840d09b8bb491d19f2cd82e papaya/koala/collection/list.go
101f4ed4e52aa1532f7a6789c748a366 papaya/koala/collection/middle.go
046778dd2ebc6b4c21c53a77071d1a26 papaya/koala/collection/node.go
8ffc3f5cb6e59c33afbfff3823947443 papaya/koala/collection/typed.go
ea1b55c428289e23e5747856ab490a48 papaya/koala/collection/util.go
3208403f225291c64eae3491ac1dddd7 papaya/koala/console.go
0cfc420aecae5ef123694dd72d1a1103 papaya/koala/cores/jsc/Runtime.go
eddcca4eb161c1d7b322de9d47b6220b papaya/koala/cores/jsc/types/Array.go
68401d0055a904ba46ad6ea15f9afb6d papaya/koala/cores/jsc/types/Function.go
68401d0055a904ba46ad6ea15f9afb6d papaya/koala/cores/jsc/types/Number.go
a1c4d6ede83fcd4cc57dfd1146aac028 papaya/koala/cores/jsc/types/Object.go
68401d0055a904ba46ad6ea15f9afb6d papaya/koala/cores/jsc/types/Symbol.go
8e0dbd448e750a0cc5faa387239d41a5 papaya/koala/datetime.go
54aa2065528cb8b4d789943d031c6225 papaya/koala/enums.go
c28c3a8244cb4b10e762aa4808bc1297 papaya/koala/environ/loader.go
d0acc59dca974bb3272ef05cd1549307 papaya/koala/gen/iter.go
a5c09ad1d05b02fd6badd974a6859f6c papaya/koala/gen/mapping.go
1fda4e354f76884d5baa139ce1a52229 papaya/koala/gen/page.go
ef3cb41ba3ab2b1694031925d5c4a016 papaya/koala/gen/util.go
46ebc9985b9041e95720634d5367d4dc papaya/koala/kio/file.go
a0dc4d0797f0603ee0e608a30869ccc5 papaya/koala/kio/leaf/buffer.go
448605f71e068140dfb3cd0b2f7d60bf papaya/koala/kornet/client.go
a213d2dbafb77f1af6ed5377e94893d3 papaya/koala/kornet/method.go
0a95f1a34ce7f075638015a88561157d papaya/koala/kornet/typed.go
a40c3520b314b3fd4b9eb0d3cc512aa3 papaya/koala/kornet/util.go
4fbf6c434120a0cda17f1104da16d2de papaya/koala/kornet/vars.go
6919897e28eec6bd266d326cb5d453b1 papaya/koala/mapping/action.go
4973d9a7c0841e046b18be98b0f18c59 papaya/koala/mapping/encoding.go
55d51126292275465d15339179f3e583 papaya/koala/mapping/future.go
4ceeccec715bf59806bd3a4ae2ad16c5 papaya/koala/mapping/kmap.go
58c215d2b028f279c9ab072198f5f49a papaya/koala/mapping/typed.go
e8ea3e7907e387547d2f2490bb9157c0 papaya/koala/mapping/util.go
e0becadd277ebd3838f65b394d2dad30 papaya/koala/mapping/value.go
096451df044fe9b7e55953d595fff4e6 papaya/koala/os/runtime/machine.go
4221e8a98920fddf1d303c832106ad76 papaya/koala/os/runtime/platform.go
7905b49d2774bf3773e1a8349ddb669e papaya/koala/pp/indirect.go
392dec73f7490016bb7d48667541836a papaya/koala/pp/inline.go
3cfc4835f7184c6b5759ec165328d5f6 papaya/koala/pp/noop.go
9db832aaa5b63c897a135af79f7b88b9 papaya/koala/pp/operator.go
6fc34a68d77f1831a7fc2e2b4b4622b3 papaya/koala/pp/ref.go
0cfdae0a345686ccf1a8c6515c8e5674 papaya/koala/strfmt.go
0d008728f39d05b944f5f04722049423 papaya/koala/tools/posix/path.go
ceb36bd0a6b794cf23a2be3c4d74d07f papaya/koala/version.go
33752bb5f9d1507c06c9ecc2d2f5d128 papaya/koala/vmo/compiler.go
1fb5cc3ad5796484e7148f199ba1a099 papaya/koala/vmo/emu/ast.go
1fb5cc3ad5796484e7148f199ba1a099 papaya/koala/vmo/emu/eval.go
33752bb5f9d1507c06c9ecc2d2f5d128 papaya/koala/vmo/loader.go
b6ae6582eee9871b2b67c17665f84e12 papaya/net.go
4fb87ffe4d7b4b3b3a3130d1b58b0adb papaya/panda/nosign/panda.go
22fdc05612c1589345307d8baa80133f papaya/panda/panda.go
07ff7ca878fbc9ef2945be4fbda03d96 papaya/panda/vector.go
d7294e0d859898d81ec7a6305739bcf3 papaya/pigeon/drivers/mysql/conn.go
14269c8254a684ba211ef13d32846777 papaya/pigeon/drivers/postgresql/conn.go
0a6d9dd578fbcd60b0fc926543b0baa0 papaya/pigeon/drivers/postgresql/util.go
5f3cfe1777db33590849cba5ec54417b papaya/pigeon/drivers/sqlite/conn.go
1350b3ca5e344ed4e7fde76a5db15be6 papaya/pigeon/templates/basic/action.go
537f3610f24dd9223c1e43918f514dae papaya/pigeon/templates/basic/models/sessions.go
3f28fbac61fb44adf9bc8c084f01d317 papaya/pigeon/templates/basic/models/users.go
735495f3e88cecedf97d15d63436fa23 papaya/pigeon/templates/basic/token.go
feb2d9671f19c6e583dd9b492eae4984 papaya/pigeon/vars.go
88b8b15c47789e1ad08e038c2ae4b84a papaya/util/banner.go
897894a700168b74b926239a0b73517e papaya/util/vars.go
